{"message":"No route found for /Admin/_setTheme/bootstrap/","context":{"context":"Router","part":"getRoute","extra":null},"level":300,"level_name":"WARNING","channel":"s5e80e23225c8d","datetime":"2020-03-29T18:13:44.121339+00:00","extra":{}}
{"message":"No route found for /Admin/Translate/","context":{"context":"Router","part":"getRoute","extra":null},"level":300,"level_name":"WARNING","channel":"s5e80e23225c8d","datetime":"2020-03-29T18:15:20.073864+00:00","extra":{}}
{"message":"No route found for /Admin/Seo/","context":{"context":"Router","part":"getRoute","extra":null},"level":300,"level_name":"WARNING","channel":"s5e80e23225c8d","datetime":"2020-03-29T18:15:33.472645+00:00","extra":{}}
{"message":"No route found for /Admin/Config/","context":{"context":"Router","part":"getRoute","extra":null},"level":300,"level_name":"WARNING","channel":"s5e80e23225c8d","datetime":"2020-03-29T18:15:37.648198+00:00","extra":{}}
{"message":"No route found for /Admin/Rest/","context":{"context":"Router","part":"getRoute","extra":null},"level":300,"level_name":"WARNING","channel":"s5e80e23225c8d","datetime":"2020-03-29T18:15:50.759241+00:00","extra":{}}
{"message":"No route found for /Admin/_initRestCache/","context":{"context":"Router","part":"getRoute","extra":null},"level":300,"level_name":"WARNING","channel":"s5e80e23225c8d","datetime":"2020-03-29T18:15:57.986602+00:00","extra":{}}
{"message":"No route found for /Admin/_frmNewResource/","context":{"context":"Router","part":"getRoute","extra":null},"level":300,"level_name":"WARNING","channel":"s5e80e23225c8d","datetime":"2020-03-29T18:16:07.790835+00:00","extra":{}}
{"message":"No route found for /Admin/Cache/","context":{"context":"Router","part":"getRoute","extra":null},"level":300,"level_name":"WARNING","channel":"s5e80e23225c8d","datetime":"2020-03-29T18:16:11.561684+00:00","extra":{}}
{"message":"No route found for /Admin/Controllers/","context":{"context":"Router","part":"getRoute","extra":null},"level":300,"level_name":"WARNING","channel":"s5e80e23225c8d","datetime":"2020-03-29T18:16:14.340080+00:00","extra":{}}
{"message":"No route found for /Admin/Routes/","context":{"context":"Router","part":"getRoute","extra":null},"level":300,"level_name":"WARNING","channel":"s5e80e23225c8d","datetime":"2020-03-29T18:16:18.033256+00:00","extra":{}}
{"message":"No route found for /Admin/_initCacheRouter/","context":{"context":"Router","part":"getRoute","extra":null},"level":300,"level_name":"WARNING","channel":"s5e80e23225c8d","datetime":"2020-03-29T18:16:20.374020+00:00","extra":{}}
{"message":"No route found for /Admin/Models/","context":{"context":"Router","part":"getRoute","extra":null},"level":300,"level_name":"WARNING","channel":"s5e80e23225c8d","datetime":"2020-03-29T18:16:22.938424+00:00","extra":{}}
{"message":"SELECT COUNT(*) FROM `authority`","context":{"context":"Database","part":"prepareAndFetchColumn","extra":null},"level":200,"level_name":"INFO","channel":"s5e80e23225c8d","datetime":"2020-03-29T18:16:22.953613+00:00","extra":{}}
{"message":"SELECT COUNT(*) FROM `channel`","context":{"context":"Database","part":"prepareAndFetchColumn","extra":null},"level":200,"level_name":"INFO","channel":"s5e80e23225c8d","datetime":"2020-03-29T18:16:22.954055+00:00","extra":{}}
{"message":"SELECT COUNT(*) FROM `data`","context":{"context":"Database","part":"prepareAndFetchColumn","extra":null},"level":200,"level_name":"INFO","channel":"s5e80e23225c8d","datetime":"2020-03-29T18:16:22.954383+00:00","extra":{}}
{"message":"SELECT COUNT(*) FROM `graph`","context":{"context":"Database","part":"prepareAndFetchColumn","extra":null},"level":200,"level_name":"INFO","channel":"s5e80e23225c8d","datetime":"2020-03-29T18:16:22.954718+00:00","extra":{}}
{"message":"SELECT COUNT(*) FROM `parameter`","context":{"context":"Database","part":"prepareAndFetchColumn","extra":null},"level":200,"level_name":"INFO","channel":"s5e80e23225c8d","datetime":"2020-03-29T18:16:22.955020+00:00","extra":{}}
{"message":"SELECT COUNT(*) FROM `sensor`","context":{"context":"Database","part":"prepareAndFetchColumn","extra":null},"level":200,"level_name":"INFO","channel":"s5e80e23225c8d","datetime":"2020-03-29T18:16:22.955554+00:00","extra":{}}
{"message":"SELECT COUNT(*) FROM `service`","context":{"context":"Database","part":"prepareAndFetchColumn","extra":null},"level":200,"level_name":"INFO","channel":"s5e80e23225c8d","datetime":"2020-03-29T18:16:22.955882+00:00","extra":{}}
{"message":"SELECT COUNT(*) FROM `type_graph`","context":{"context":"Database","part":"prepareAndFetchColumn","extra":null},"level":200,"level_name":"INFO","channel":"s5e80e23225c8d","datetime":"2020-03-29T18:16:22.956180+00:00","extra":{}}
{"message":"SELECT COUNT(*) FROM `user`","context":{"context":"Database","part":"prepareAndFetchColumn","extra":null},"level":200,"level_name":"INFO","channel":"s5e80e23225c8d","datetime":"2020-03-29T18:16:22.956462+00:00","extra":{}}
{"message":"No route found for /Admin/index/","context":{"context":"Router","part":"getRoute","extra":null},"level":300,"level_name":"WARNING","channel":"s5e80e23225c8d","datetime":"2020-03-29T18:16:26.544086+00:00","extra":{}}
{"message":"No route found for /Admin/Themes/","context":{"context":"Router","part":"getRoute","extra":null},"level":300,"level_name":"WARNING","channel":"s5e80e23225c8d","datetime":"2020-03-29T18:36:38.440986+00:00","extra":{}}
{"message":"No route found for /Admin/_setTheme/foundation/","context":{"context":"Router","part":"getRoute","extra":null},"level":300,"level_name":"WARNING","channel":"s5e80e23225c8d","datetime":"2020-03-29T18:36:41.323706+00:00","extra":{}}
{"message":"No route found for /Admin/_setTheme/semantic/","context":{"context":"Router","part":"getRoute","extra":null},"level":300,"level_name":"WARNING","channel":"s5e80e23225c8d","datetime":"2020-03-29T18:36:43.930766+00:00","extra":{}}
{"message":"No route found for /Admin/_setDevtoolsPath/","context":{"context":"Router","part":"getRoute","extra":null},"level":300,"level_name":"WARNING","channel":"s5e80e23225c8d","datetime":"2020-03-29T18:36:50.865804+00:00","extra":{}}
{"message":"No route found for /Admin/_setTheme/bootstrap/","context":{"context":"Router","part":"getRoute","extra":null},"level":300,"level_name":"WARNING","channel":"s5e80e23225c8d","datetime":"2020-03-29T18:37:06.190235+00:00","extra":{}}
{"message":"No route found for /Admin/_setTheme/foundation/","context":{"context":"Router","part":"getRoute","extra":null},"level":300,"level_name":"WARNING","channel":"s5e80e23225c8d","datetime":"2020-03-29T18:37:07.147802+00:00","extra":{}}
{"message":"No route found for /Admin/Models/","context":{"context":"Router","part":"getRoute","extra":null},"level":300,"level_name":"WARNING","channel":"s5e80e23225c8d","datetime":"2020-03-29T18:37:10.500771+00:00","extra":{}}
{"message":"SELECT COUNT(*) FROM `authority`","context":{"context":"Database","part":"prepareAndFetchColumn","extra":null},"level":200,"level_name":"INFO","channel":"s5e80e23225c8d","datetime":"2020-03-29T18:37:10.515558+00:00","extra":{}}
{"message":"SELECT COUNT(*) FROM `channel`","context":{"context":"Database","part":"prepareAndFetchColumn","extra":null},"level":200,"level_name":"INFO","channel":"s5e80e23225c8d","datetime":"2020-03-29T18:37:10.515955+00:00","extra":{}}
{"message":"SELECT COUNT(*) FROM `data`","context":{"context":"Database","part":"prepareAndFetchColumn","extra":null},"level":200,"level_name":"INFO","channel":"s5e80e23225c8d","datetime":"2020-03-29T18:37:10.516256+00:00","extra":{}}
{"message":"SELECT COUNT(*) FROM `graph`","context":{"context":"Database","part":"prepareAndFetchColumn","extra":null},"level":200,"level_name":"INFO","channel":"s5e80e23225c8d","datetime":"2020-03-29T18:37:10.516556+00:00","extra":{}}
{"message":"SELECT COUNT(*) FROM `parameter`","context":{"context":"Database","part":"prepareAndFetchColumn","extra":null},"level":200,"level_name":"INFO","channel":"s5e80e23225c8d","datetime":"2020-03-29T18:37:10.516848+00:00","extra":{}}
{"message":"SELECT COUNT(*) FROM `sensor`","context":{"context":"Database","part":"prepareAndFetchColumn","extra":null},"level":200,"level_name":"INFO","channel":"s5e80e23225c8d","datetime":"2020-03-29T18:37:10.517116+00:00","extra":{}}
{"message":"SELECT COUNT(*) FROM `service`","context":{"context":"Database","part":"prepareAndFetchColumn","extra":null},"level":200,"level_name":"INFO","channel":"s5e80e23225c8d","datetime":"2020-03-29T18:37:10.517438+00:00","extra":{}}
{"message":"SELECT COUNT(*) FROM `type_graph`","context":{"context":"Database","part":"prepareAndFetchColumn","extra":null},"level":200,"level_name":"INFO","channel":"s5e80e23225c8d","datetime":"2020-03-29T18:37:10.517771+00:00","extra":{}}
{"message":"SELECT COUNT(*) FROM `user`","context":{"context":"Database","part":"prepareAndFetchColumn","extra":null},"level":200,"level_name":"INFO","channel":"s5e80e23225c8d","datetime":"2020-03-29T18:37:10.518122+00:00","extra":{}}
{"message":"No route found for /Admin/Routes/","context":{"context":"Router","part":"getRoute","extra":null},"level":300,"level_name":"WARNING","channel":"s5e80e23225c8d","datetime":"2020-03-29T18:37:12.365459+00:00","extra":{}}
{"message":"No route found for /Admin/_initCacheRouter/","context":{"context":"Router","part":"getRoute","extra":null},"level":300,"level_name":"WARNING","channel":"s5e80e23225c8d","datetime":"2020-03-29T18:37:15.182406+00:00","extra":{}}
{"message":"No route found for /Admin/Models/","context":{"context":"Router","part":"getRoute","extra":null},"level":300,"level_name":"WARNING","channel":"s5e80e23225c8d","datetime":"2020-03-29T18:39:01.365476+00:00","extra":{}}
{"message":"SELECT COUNT(*) FROM `authority`","context":{"context":"Database","part":"prepareAndFetchColumn","extra":null},"level":200,"level_name":"INFO","channel":"s5e80e23225c8d","datetime":"2020-03-29T18:39:01.380474+00:00","extra":{}}
{"message":"SELECT COUNT(*) FROM `channel`","context":{"context":"Database","part":"prepareAndFetchColumn","extra":null},"level":200,"level_name":"INFO","channel":"s5e80e23225c8d","datetime":"2020-03-29T18:39:01.380940+00:00","extra":{}}
{"message":"SELECT COUNT(*) FROM `data`","context":{"context":"Database","part":"prepareAndFetchColumn","extra":null},"level":200,"level_name":"INFO","channel":"s5e80e23225c8d","datetime":"2020-03-29T18:39:01.381254+00:00","extra":{}}
{"message":"SELECT COUNT(*) FROM `graph`","context":{"context":"Database","part":"prepareAndFetchColumn","extra":null},"level":200,"level_name":"INFO","channel":"s5e80e23225c8d","datetime":"2020-03-29T18:39:01.381588+00:00","extra":{}}
{"message":"SELECT COUNT(*) FROM `parameter`","context":{"context":"Database","part":"prepareAndFetchColumn","extra":null},"level":200,"level_name":"INFO","channel":"s5e80e23225c8d","datetime":"2020-03-29T18:39:01.381928+00:00","extra":{}}
{"message":"SELECT COUNT(*) FROM `sensor`","context":{"context":"Database","part":"prepareAndFetchColumn","extra":null},"level":200,"level_name":"INFO","channel":"s5e80e23225c8d","datetime":"2020-03-29T18:39:01.382281+00:00","extra":{}}
{"message":"SELECT COUNT(*) FROM `service`","context":{"context":"Database","part":"prepareAndFetchColumn","extra":null},"level":200,"level_name":"INFO","channel":"s5e80e23225c8d","datetime":"2020-03-29T18:39:01.382596+00:00","extra":{}}
{"message":"SELECT COUNT(*) FROM `type_graph`","context":{"context":"Database","part":"prepareAndFetchColumn","extra":null},"level":200,"level_name":"INFO","channel":"s5e80e23225c8d","datetime":"2020-03-29T18:39:01.382891+00:00","extra":{}}
{"message":"SELECT COUNT(*) FROM `user`","context":{"context":"Database","part":"prepareAndFetchColumn","extra":null},"level":200,"level_name":"INFO","channel":"s5e80e23225c8d","datetime":"2020-03-29T18:39:01.383159+00:00","extra":{}}
{"message":"No route found for /Admin/_showModel/models.Channel/","context":{"context":"Router","part":"getRoute","extra":null},"level":300,"level_name":"WARNING","channel":"s5e80e23225c8d","datetime":"2020-03-29T18:39:04.570627+00:00","extra":{}}
{"message":"SELECT COUNT(*) FROM `channel` WHERE 1=1","context":{"context":"Database","part":"prepareAndFetchColumn","extra":null},"level":200,"level_name":"INFO","channel":"s5e80e23225c8d","datetime":"2020-03-29T18:39:04.574065+00:00","extra":{}}
{"message":"No route found for /Admin/_showModel/models.Data/","context":{"context":"Router","part":"getRoute","extra":null},"level":300,"level_name":"WARNING","channel":"s5e80e23225c8d","datetime":"2020-03-29T18:39:08.764581+00:00","extra":{}}
{"message":"SELECT COUNT(*) FROM `data` WHERE 1=1","context":{"context":"Database","part":"prepareAndFetchColumn","extra":null},"level":200,"level_name":"INFO","channel":"s5e80e23225c8d","datetime":"2020-03-29T18:39:08.767502+00:00","extra":{}}
{"message":"No route found for /Admin/editMember/sphare1/","context":{"context":"Router","part":"getRoute","extra":null},"level":300,"level_name":"WARNING","channel":"s5e80e23225c8d","datetime":"2020-03-29T18:39:17.724780+00:00","extra":{}}
{"message":"No route found for /Admin/editMember/date_data/","context":{"context":"Router","part":"getRoute","extra":null},"level":300,"level_name":"WARNING","channel":"s5e80e23225c8d","datetime":"2020-03-29T18:39:44.470488+00:00","extra":{}}
{"message":"No route found for /Admin/_newModel/no/","context":{"context":"Router","part":"getRoute","extra":null},"level":300,"level_name":"WARNING","channel":"s5e80e23225c8d","datetime":"2020-03-29T18:39:49.874970+00:00","extra":{}}
{"message":"No route found for /Admin/_changeEngineering/forward/completed/","context":{"context":"Router","part":"getRoute","extra":null},"level":300,"level_name":"WARNING","channel":"s5e80e23225c8d","datetime":"2020-03-29T18:40:13.032765+00:00","extra":{}}
{"message":"No route found for /Admin/_changeEngineering/reverse/completed/","context":{"context":"Router","part":"getRoute","extra":null},"level":300,"level_name":"WARNING","channel":"s5e80e23225c8d","datetime":"2020-03-29T18:40:13.789123+00:00","extra":{}}
{"message":"No route found for /Admin/_changeEngineering/forward/completed/","context":{"context":"Router","part":"getRoute","extra":null},"level":300,"level_name":"WARNING","channel":"s5e80e23225c8d","datetime":"2020-03-29T18:40:14.488847+00:00","extra":{}}
{"message":"No route found for /Admin/_changeEngineering/reverse/completed/","context":{"context":"Router","part":"getRoute","extra":null},"level":300,"level_name":"WARNING","channel":"s5e80e23225c8d","datetime":"2020-03-29T18:40:15.173101+00:00","extra":{}}
{"message":"No route found for /Admin/_loadModelStep/forward/2/","context":{"context":"Router","part":"getRoute","extra":null},"level":300,"level_name":"WARNING","channel":"s5e80e23225c8d","datetime":"2020-03-29T18:40:16.692753+00:00","extra":{}}
{"message":"No route found for /Admin/_loadModelStep/forward/3/","context":{"context":"Router","part":"getRoute","extra":null},"level":300,"level_name":"WARNING","channel":"s5e80e23225c8d","datetime":"2020-03-29T18:40:18.678484+00:00","extra":{}}
{"message":"No route found for /Admin/_loadModelStep/forward/4/","context":{"context":"Router","part":"getRoute","extra":null},"level":300,"level_name":"WARNING","channel":"s5e80e23225c8d","datetime":"2020-03-29T18:40:21.300955+00:00","extra":{}}
{"message":"No route found for /Admin/_loadModelStep/forward/1/","context":{"context":"Router","part":"getRoute","extra":null},"level":300,"level_name":"WARNING","channel":"s5e80e23225c8d","datetime":"2020-03-29T18:40:23.107437+00:00","extra":{}}
{"message":"No route found for /Admin/Models/","context":{"context":"Router","part":"getRoute","extra":null},"level":300,"level_name":"WARNING","channel":"s5e80e23225c8d","datetime":"2020-03-29T18:40:25.454001+00:00","extra":{}}
{"message":"SELECT COUNT(*) FROM `authority`","context":{"context":"Database","part":"prepareAndFetchColumn","extra":null},"level":200,"level_name":"INFO","channel":"s5e80e23225c8d","datetime":"2020-03-29T18:40:25.466694+00:00","extra":{}}
{"message":"SELECT COUNT(*) FROM `channel`","context":{"context":"Database","part":"prepareAndFetchColumn","extra":null},"level":200,"level_name":"INFO","channel":"s5e80e23225c8d","datetime":"2020-03-29T18:40:25.467129+00:00","extra":{}}
{"message":"SELECT COUNT(*) FROM `data`","context":{"context":"Database","part":"prepareAndFetchColumn","extra":null},"level":200,"level_name":"INFO","channel":"s5e80e23225c8d","datetime":"2020-03-29T18:40:25.467379+00:00","extra":{}}
{"message":"SELECT COUNT(*) FROM `graph`","context":{"context":"Database","part":"prepareAndFetchColumn","extra":null},"level":200,"level_name":"INFO","channel":"s5e80e23225c8d","datetime":"2020-03-29T18:40:25.467646+00:00","extra":{}}
{"message":"SELECT COUNT(*) FROM `parameter`","context":{"context":"Database","part":"prepareAndFetchColumn","extra":null},"level":200,"level_name":"INFO","channel":"s5e80e23225c8d","datetime":"2020-03-29T18:40:25.467888+00:00","extra":{}}
{"message":"SELECT COUNT(*) FROM `sensor`","context":{"context":"Database","part":"prepareAndFetchColumn","extra":null},"level":200,"level_name":"INFO","channel":"s5e80e23225c8d","datetime":"2020-03-29T18:40:25.468130+00:00","extra":{}}
{"message":"SELECT COUNT(*) FROM `service`","context":{"context":"Database","part":"prepareAndFetchColumn","extra":null},"level":200,"level_name":"INFO","channel":"s5e80e23225c8d","datetime":"2020-03-29T18:40:25.468388+00:00","extra":{}}
{"message":"SELECT COUNT(*) FROM `type_graph`","context":{"context":"Database","part":"prepareAndFetchColumn","extra":null},"level":200,"level_name":"INFO","channel":"s5e80e23225c8d","datetime":"2020-03-29T18:40:25.468681+00:00","extra":{}}
{"message":"SELECT COUNT(*) FROM `user`","context":{"context":"Database","part":"prepareAndFetchColumn","extra":null},"level":200,"level_name":"INFO","channel":"s5e80e23225c8d","datetime":"2020-03-29T18:40:25.468936+00:00","extra":{}}
{"message":"No route found for /Admin/Routes/","context":{"context":"Router","part":"getRoute","extra":null},"level":300,"level_name":"WARNING","channel":"s5e80e23225c8d","datetime":"2020-03-29T18:40:26.613432+00:00","extra":{}}
{"message":"No route found for /Admin/Controllers/","context":{"context":"Router","part":"getRoute","extra":null},"level":300,"level_name":"WARNING","channel":"s5e80e23225c8d","datetime":"2020-03-29T18:40:27.430769+00:00","extra":{}}
{"message":"No route found for /Admin/createController/","context":{"context":"Router","part":"getRoute","extra":null},"level":300,"level_name":"WARNING","channel":"s5e80e23225c8d","datetime":"2020-03-29T18:40:58.157797+00:00","extra":{}}
{"message":"No route found for /Admin/_createView/","context":{"context":"Router","part":"getRoute","extra":null},"level":300,"level_name":"WARNING","channel":"s5e80e23225c8d","datetime":"2020-03-29T18:41:15.835668+00:00","extra":{}}
{"message":"No route found for /Admin/_runAction/","context":{"context":"Router","part":"getRoute","extra":null},"level":300,"level_name":"WARNING","channel":"s5e80e23225c8d","datetime":"2020-03-29T18:41:22.148180+00:00","extra":{}}
{"message":"No route found for /SensorController/index/","context":{"context":"Router","part":"getRoute","extra":null},"level":300,"level_name":"WARNING","channel":"s5e80e23225c8d","datetime":"2020-03-29T18:41:22.160177+00:00","extra":{}}
{"message":"No route found for /Admin/_runAction/","context":{"context":"Router","part":"getRoute","extra":null},"level":300,"level_name":"WARNING","channel":"s5e80e23225c8d","datetime":"2020-03-29T18:41:26.288096+00:00","extra":{}}
{"message":"No route found for /IndexController/index/","context":{"context":"Router","part":"getRoute","extra":null},"level":300,"level_name":"WARNING","channel":"s5e80e23225c8d","datetime":"2020-03-29T18:41:26.299123+00:00","extra":{}}
{"message":"No route found for /Admin/_runAction/","context":{"context":"Router","part":"getRoute","extra":null},"level":300,"level_name":"WARNING","channel":"s5e80e23225c8d","datetime":"2020-03-29T18:41:34.536466+00:00","extra":{}}
{"message":"No route found for /IndexController/index/","context":{"context":"Router","part":"getRoute","extra":null},"level":300,"level_name":"WARNING","channel":"s5e80e23225c8d","datetime":"2020-03-29T18:41:34.548014+00:00","extra":{}}
{"message":"No route found for /Admin/_createView/","context":{"context":"Router","part":"getRoute","extra":null},"level":300,"level_name":"WARNING","channel":"s5e80e23225c8d","datetime":"2020-03-29T18:41:41.394798+00:00","extra":{}}
{"message":"No route found for /Admin/Routes/","context":{"context":"Router","part":"getRoute","extra":null},"level":300,"level_name":"WARNING","channel":"s5e80e23225c8d","datetime":"2020-03-29T18:49:23.649262+00:00","extra":{}}
{"message":"No route found for /Admin/_initCacheRouter/","context":{"context":"Router","part":"getRoute","extra":null},"level":300,"level_name":"WARNING","channel":"s5e80e23225c8d","datetime":"2020-03-29T18:49:25.671876+00:00","extra":{}}
{"message":"No route found for /Admin/Models/","context":{"context":"Router","part":"getRoute","extra":null},"level":300,"level_name":"WARNING","channel":"s5e80e23225c8d","datetime":"2020-03-29T18:49:35.180466+00:00","extra":{}}
{"message":"SELECT COUNT(*) FROM `authority`","context":{"context":"Database","part":"prepareAndFetchColumn","extra":null},"level":200,"level_name":"INFO","channel":"s5e80e23225c8d","datetime":"2020-03-29T18:49:35.201310+00:00","extra":{}}
{"message":"SELECT COUNT(*) FROM `channel`","context":{"context":"Database","part":"prepareAndFetchColumn","extra":null},"level":200,"level_name":"INFO","channel":"s5e80e23225c8d","datetime":"2020-03-29T18:49:35.201769+00:00","extra":{}}
{"message":"SELECT COUNT(*) FROM `data`","context":{"context":"Database","part":"prepareAndFetchColumn","extra":null},"level":200,"level_name":"INFO","channel":"s5e80e23225c8d","datetime":"2020-03-29T18:49:35.202072+00:00","extra":{}}
{"message":"SELECT COUNT(*) FROM `graph`","context":{"context":"Database","part":"prepareAndFetchColumn","extra":null},"level":200,"level_name":"INFO","channel":"s5e80e23225c8d","datetime":"2020-03-29T18:49:35.202466+00:00","extra":{}}
{"message":"SELECT COUNT(*) FROM `parameter`","context":{"context":"Database","part":"prepareAndFetchColumn","extra":null},"level":200,"level_name":"INFO","channel":"s5e80e23225c8d","datetime":"2020-03-29T18:49:35.202807+00:00","extra":{}}
{"message":"SELECT COUNT(*) FROM `sensor`","context":{"context":"Database","part":"prepareAndFetchColumn","extra":null},"level":200,"level_name":"INFO","channel":"s5e80e23225c8d","datetime":"2020-03-29T18:49:35.203216+00:00","extra":{}}
{"message":"SELECT COUNT(*) FROM `service`","context":{"context":"Database","part":"prepareAndFetchColumn","extra":null},"level":200,"level_name":"INFO","channel":"s5e80e23225c8d","datetime":"2020-03-29T18:49:35.203588+00:00","extra":{}}
{"message":"SELECT COUNT(*) FROM `type_graph`","context":{"context":"Database","part":"prepareAndFetchColumn","extra":null},"level":200,"level_name":"INFO","channel":"s5e80e23225c8d","datetime":"2020-03-29T18:49:35.203947+00:00","extra":{}}
{"message":"SELECT COUNT(*) FROM `user`","context":{"context":"Database","part":"prepareAndFetchColumn","extra":null},"level":200,"level_name":"INFO","channel":"s5e80e23225c8d","datetime":"2020-03-29T18:49:35.204356+00:00","extra":{}}
{"message":"No route found for /Admin/_showModel/models.User/","context":{"context":"Router","part":"getRoute","extra":null},"level":300,"level_name":"WARNING","channel":"s5e80e23225c8d","datetime":"2020-03-29T18:49:38.677930+00:00","extra":{}}
{"message":"SELECT COUNT(*) FROM `user` WHERE 1=1","context":{"context":"Database","part":"prepareAndFetchColumn","extra":null},"level":200,"level_name":"INFO","channel":"s5e80e23225c8d","datetime":"2020-03-29T18:49:38.680695+00:00","extra":{}}
{"message":"No route found for /Admin/_newModel/no/","context":{"context":"Router","part":"getRoute","extra":null},"level":300,"level_name":"WARNING","channel":"s5e80e23225c8d","datetime":"2020-03-29T18:49:41.852135+00:00","extra":{}}
{"message":"No route found for /Admin/_updateModel/","context":{"context":"Router","part":"getRoute","extra":null},"level":300,"level_name":"WARNING","channel":"s5e80e23225c8d","datetime":"2020-03-29T18:50:04.421517+00:00","extra":{}}
{"message":"INSERT INTO `user` (`username`,`email`,`password`,`create_time`,`nom`,`prenom`) VALUES(:username,:email,:password,:create_time,:nom,:prenom)","context":{"context":"DAOUpdates","part":"insert","extra":null},"level":200,"level_name":"INFO","channel":"s5e80e23225c8d","datetime":"2020-03-29T18:50:04.426933+00:00","extra":{}}
{"message":"{\"username\":\"bngesp\",\"email\":\"bassiroungom26@gmail.com\",\"password\":\"BNGbng1993\",\"create_time\":\"\",\"nom\":\"ngom\",\"prenom\":\"bassirou\"}","context":{"context":"DAOUpdates","part":"Key and values","extra":null},"level":200,"level_name":"INFO","channel":"s5e80e23225c8d","datetime":"2020-03-29T18:50:04.427058+00:00","extra":{}}
{"message":"SQLSTATE[22007]: Invalid datetime format: 1292 Incorrect datetime value: '' for column 'create_time' at row 1","context":{"context":"DAOUpdates","part":"insert","extra":null},"level":300,"level_name":"WARNING","channel":"s5e80e23225c8d","datetime":"2020-03-29T18:50:04.429721+00:00","extra":{}}
{"message":"No route found for /Admin/_newModel/no/","context":{"context":"Router","part":"getRoute","extra":null},"level":300,"level_name":"WARNING","channel":"s5e80e23225c8d","datetime":"2020-03-29T18:50:13.802957+00:00","extra":{}}
{"message":"No route found for /Admin/_updateModel/","context":{"context":"Router","part":"getRoute","extra":null},"level":300,"level_name":"WARNING","channel":"s5e80e23225c8d","datetime":"2020-03-29T18:50:41.789897+00:00","extra":{}}
{"message":"INSERT INTO `user` (`username`,`email`,`password`,`create_time`,`nom`,`prenom`) VALUES(:username,:email,:password,:create_time,:nom,:prenom)","context":{"context":"DAOUpdates","part":"insert","extra":null},"level":200,"level_name":"INFO","channel":"s5e80e23225c8d","datetime":"2020-03-29T18:50:41.794299+00:00","extra":{}}
{"message":"{\"username\":\"bngesp\",\"email\":\"bassiroungom26@gmail.com\",\"password\":\"BNGbng1993\",\"create_time\":\"\",\"nom\":\"ngom\",\"prenom\":\"bassirou\"}","context":{"context":"DAOUpdates","part":"Key and values","extra":null},"level":200,"level_name":"INFO","channel":"s5e80e23225c8d","datetime":"2020-03-29T18:50:41.794381+00:00","extra":{}}
{"message":"SQLSTATE[22007]: Invalid datetime format: 1292 Incorrect datetime value: '' for column 'create_time' at row 1","context":{"context":"DAOUpdates","part":"insert","extra":null},"level":300,"level_name":"WARNING","channel":"s5e80e23225c8d","datetime":"2020-03-29T18:50:41.794870+00:00","extra":{}}
{"message":"No route found for /Admin/_showModel/models.Type_graph/","context":{"context":"Router","part":"getRoute","extra":null},"level":300,"level_name":"WARNING","channel":"s5e80e23225c8d","datetime":"2020-03-29T18:50:44.153482+00:00","extra":{}}
{"message":"SELECT COUNT(*) FROM `type_graph` WHERE 1=1","context":{"context":"Database","part":"prepareAndFetchColumn","extra":null},"level":200,"level_name":"INFO","channel":"s5e80e23225c8d","datetime":"2020-03-29T18:50:44.156459+00:00","extra":{}}
{"message":"No route found for /Admin/_showModel/models.User/","context":{"context":"Router","part":"getRoute","extra":null},"level":300,"level_name":"WARNING","channel":"s5e80e23225c8d","datetime":"2020-03-29T18:50:49.260583+00:00","extra":{}}
{"message":"SELECT COUNT(*) FROM `user` WHERE 1=1","context":{"context":"Database","part":"prepareAndFetchColumn","extra":null},"level":200,"level_name":"INFO","channel":"s5e80e23225c8d","datetime":"2020-03-29T18:50:49.263552+00:00","extra":{}}
{"message":"No route found for /Admin/_validateInstances/","context":{"context":"Router","part":"getRoute","extra":null},"level":300,"level_name":"WARNING","channel":"s5e80e23225c8d","datetime":"2020-03-29T18:50:57.414790+00:00","extra":{}}
{"message":"No route found for /Admin/editMember/create_time/","context":{"context":"Router","part":"getRoute","extra":null},"level":300,"level_name":"WARNING","channel":"s5e80e23225c8d","datetime":"2020-03-29T18:51:10.209114+00:00","extra":{}}
{"message":"No route found for /Admin/editMember/transformers/","context":{"context":"Router","part":"getRoute","extra":null},"level":300,"level_name":"WARNING","channel":"s5e80e23225c8d","datetime":"2020-03-29T18:51:13.404871+00:00","extra":{}}
{"message":"No route found for /Admin/_loadModelStep/forward/4/","context":{"context":"Router","part":"getRoute","extra":null},"level":300,"level_name":"WARNING","channel":"s5e80e23225c8d","datetime":"2020-03-29T18:51:17.072616+00:00","extra":{}}
{"message":"No route found for /Admin/Composer/","context":{"context":"Router","part":"getRoute","extra":null},"level":300,"level_name":"WARNING","channel":"s5e80e23225c8d","datetime":"2020-03-29T18:51:18.302313+00:00","extra":{}}
{"message":"No route found for /Admin/Git/","context":{"context":"Router","part":"getRoute","extra":null},"level":300,"level_name":"WARNING","channel":"s5e80e23225c8d","datetime":"2020-03-29T18:51:41.273418+00:00","extra":{}}
{"message":"No route found for /Admin/_gitCommit/","context":{"context":"Router","part":"getRoute","extra":null},"level":300,"level_name":"WARNING","channel":"s5e80e23225c8d","datetime":"2020-03-29T18:51:57.593390+00:00","extra":{}}
